<?xml version="1.0" encoding="UTF-8"?>
<testsuite name="com.ks.youtube.YoutubeApplicationTests" tests="1" skipped="0" failures="0" errors="0" timestamp="2024-05-04T05:23:33" hostname="DESKTOP-4LG0RS3" time="0.355">
  <properties/>
  <testcase name="contextLoads()" classname="com.ks.youtube.YoutubeApplicationTests" time="0.355"/>
  <system-out><![CDATA[14:23:31.457 [Test worker] DEBUG org.springframework.test.context.BootstrapUtils - Instantiating CacheAwareContextLoaderDelegate from class [org.springframework.test.context.cache.DefaultCacheAwareContextLoaderDelegate]
14:23:31.457 [Test worker] DEBUG org.springframework.test.context.BootstrapUtils - Instantiating BootstrapContext using constructor [public org.springframework.test.context.support.DefaultBootstrapContext(java.lang.Class,org.springframework.test.context.CacheAwareContextLoaderDelegate)]
14:23:31.485 [Test worker] DEBUG org.springframework.test.context.BootstrapUtils - Instantiating TestContextBootstrapper for test class [com.ks.youtube.YoutubeApplicationTests] from class [org.springframework.boot.test.context.SpringBootTestContextBootstrapper]
14:23:31.489 [Test worker] INFO org.springframework.boot.test.context.SpringBootTestContextBootstrapper - Neither @ContextConfiguration nor @ContextHierarchy found for test class [com.ks.youtube.YoutubeApplicationTests], using SpringBootContextLoader
14:23:31.489 [Test worker] DEBUG org.springframework.test.context.support.AbstractContextLoader - Did not detect default resource location for test class [com.ks.youtube.YoutubeApplicationTests]: class path resource [com/ks/youtube/YoutubeApplicationTests-context.xml] does not exist
14:23:31.489 [Test worker] DEBUG org.springframework.test.context.support.AbstractContextLoader - Did not detect default resource location for test class [com.ks.youtube.YoutubeApplicationTests]: class path resource [com/ks/youtube/YoutubeApplicationTestsContext.groovy] does not exist
14:23:31.489 [Test worker] INFO org.springframework.test.context.support.AbstractContextLoader - Could not detect default resource locations for test class [com.ks.youtube.YoutubeApplicationTests]: no resource found for suffixes {-context.xml, Context.groovy}.
14:23:31.489 [Test worker] INFO org.springframework.test.context.support.AnnotationConfigContextLoaderUtils - Could not detect default configuration classes for test class [com.ks.youtube.YoutubeApplicationTests]: YoutubeApplicationTests does not declare any static, non-private, non-final, nested classes annotated with @Configuration.
14:23:31.513 [Test worker] DEBUG org.springframework.test.context.support.ActiveProfilesUtils - Could not find an 'annotation declaring class' for annotation type [org.springframework.test.context.ActiveProfiles] and class [com.ks.youtube.YoutubeApplicationTests]
14:23:31.560 [Test worker] DEBUG org.springframework.context.annotation.ClassPathScanningCandidateComponentProvider - Identified candidate component class: file [D:\_dev\intellj\Youtube\build\classes\java\main\com\ks\youtube\YoutubeApplication.class]
14:23:31.560 [Test worker] INFO org.springframework.boot.test.context.SpringBootTestContextBootstrapper - Found @SpringBootConfiguration com.ks.youtube.YoutubeApplication for test class com.ks.youtube.YoutubeApplicationTests
14:23:31.646 [Test worker] DEBUG org.springframework.boot.test.context.SpringBootTestContextBootstrapper - @TestExecutionListeners is not present for class [com.ks.youtube.YoutubeApplicationTests]: using defaults.
14:23:31.646 [Test worker] INFO org.springframework.boot.test.context.SpringBootTestContextBootstrapper - Loaded default TestExecutionListener class names from location [META-INF/spring.factories]: [org.springframework.boot.test.autoconfigure.restdocs.RestDocsTestExecutionListener, org.springframework.boot.test.autoconfigure.web.client.MockRestServiceServerResetTestExecutionListener, org.springframework.boot.test.autoconfigure.web.servlet.MockMvcPrintOnlyOnFailureTestExecutionListener, org.springframework.boot.test.autoconfigure.web.servlet.WebDriverTestExecutionListener, org.springframework.boot.test.autoconfigure.webservices.client.MockWebServiceServerTestExecutionListener, org.springframework.boot.test.mock.mockito.MockitoTestExecutionListener, org.springframework.boot.test.mock.mockito.ResetMocksTestExecutionListener, org.springframework.test.context.web.ServletTestExecutionListener, org.springframework.test.context.support.DirtiesContextBeforeModesTestExecutionListener, org.springframework.test.context.event.ApplicationEventsTestExecutionListener, org.springframework.test.context.support.DependencyInjectionTestExecutionListener, org.springframework.test.context.support.DirtiesContextTestExecutionListener, org.springframework.test.context.transaction.TransactionalTestExecutionListener, org.springframework.test.context.jdbc.SqlScriptsTestExecutionListener, org.springframework.test.context.event.EventPublishingTestExecutionListener]
14:23:31.655 [Test worker] INFO org.springframework.boot.test.context.SpringBootTestContextBootstrapper - Using TestExecutionListeners: [org.springframework.test.context.web.ServletTestExecutionListener@184497d1, org.springframework.test.context.support.DirtiesContextBeforeModesTestExecutionListener@f9d87b, org.springframework.test.context.event.ApplicationEventsTestExecutionListener@6ffab045, org.springframework.boot.test.mock.mockito.MockitoTestExecutionListener@26fb628, org.springframework.boot.test.autoconfigure.SpringBootDependencyInjectionTestExecutionListener@3e2943ab, org.springframework.test.context.support.DirtiesContextTestExecutionListener@70dd7e15, org.springframework.test.context.transaction.TransactionalTestExecutionListener@4a9f80d3, org.springframework.test.context.jdbc.SqlScriptsTestExecutionListener@35beb15e, org.springframework.test.context.event.EventPublishingTestExecutionListener@41fe9859, org.springframework.boot.test.autoconfigure.restdocs.RestDocsTestExecutionListener@5ac86ba5, org.springframework.boot.test.autoconfigure.web.client.MockRestServiceServerResetTestExecutionListener@6c67e137, org.springframework.boot.test.autoconfigure.web.servlet.MockMvcPrintOnlyOnFailureTestExecutionListener@2c9399a4, org.springframework.boot.test.autoconfigure.web.servlet.WebDriverTestExecutionListener@191ae03f, org.springframework.boot.test.autoconfigure.webservices.client.MockWebServiceServerTestExecutionListener@9635fa, org.springframework.boot.test.mock.mockito.ResetMocksTestExecutionListener@53ab0286]
14:23:31.655 [Test worker] DEBUG org.springframework.test.context.support.AbstractDirtiesContextTestExecutionListener - Before test class: context [DefaultTestContext@6865c751 testClass = YoutubeApplicationTests, testInstance = [null], testMethod = [null], testException = [null], mergedContextConfiguration = [WebMergedContextConfiguration@62679465 testClass = YoutubeApplicationTests, locations = '{}', classes = '{class com.ks.youtube.YoutubeApplication}', contextInitializerClasses = '[]', activeProfiles = '{}', propertySourceLocations = '{}', propertySourceProperties = '{org.springframework.boot.test.context.SpringBootTestContextBootstrapper=true}', contextCustomizers = set[org.springframework.boot.test.autoconfigure.actuate.metrics.MetricsExportContextCustomizerFactory$DisableMetricExportContextCustomizer@7862f56, org.springframework.boot.test.autoconfigure.properties.PropertyMappingContextCustomizer@0, org.springframework.boot.test.autoconfigure.web.servlet.WebDriverContextCustomizerFactory$Customizer@6187d1f5, org.springframework.boot.test.context.filter.ExcludeFilterContextCustomizer@46944ca9, org.springframework.boot.test.json.DuplicateJsonObjectContextCustomizerFactory$DuplicateJsonObjectContextCustomizer@5674e1f2, org.springframework.boot.test.mock.mockito.MockitoContextCustomizer@0, org.springframework.boot.test.web.client.TestRestTemplateContextCustomizer@6986bbaf, org.springframework.boot.test.context.SpringBootTestArgs@1, org.springframework.boot.test.context.SpringBootTestWebEnvironment@4fb3ee4e], resourceBasePath = 'src/main/webapp', contextLoader = 'org.springframework.boot.test.context.SpringBootContextLoader', parent = [null]], attributes = map['org.springframework.test.context.web.ServletTestExecutionListener.activateListener' -> true]], class annotated with @DirtiesContext [false] with mode [null].
14:23:31,861 |-INFO in ch.qos.logback.core.joran.action.AppenderAction - About to instantiate appender of type [ch.qos.logback.core.ConsoleAppender]
14:23:31,861 |-INFO in ch.qos.logback.core.joran.action.AppenderAction - Naming appender as [console]
14:23:31,861 |-INFO in ch.qos.logback.core.joran.action.NestedComplexPropertyIA - Assuming default type [ch.qos.logback.classic.encoder.PatternLayoutEncoder] for [encoder] property
14:23:31,861 |-INFO in ch.qos.logback.core.joran.action.AppenderAction - About to instantiate appender of type [ch.qos.logback.core.ConsoleAppender]
14:23:31,861 |-INFO in ch.qos.logback.core.joran.action.AppenderAction - Naming appender as [console-infolog]
14:23:31,861 |-INFO in ch.qos.logback.core.joran.action.NestedComplexPropertyIA - Assuming default type [ch.qos.logback.classic.encoder.PatternLayoutEncoder] for [encoder] property
14:23:31,861 |-INFO in ch.qos.logback.classic.joran.action.LoggerAction - Setting level of logger [com.ks] to DEBUG
14:23:31,861 |-INFO in ch.qos.logback.classic.jul.LevelChangePropagator@16fe9c29 - Propagating DEBUG level on Logger[com.ks] onto the JUL framework
14:23:31,861 |-INFO in ch.qos.logback.classic.joran.action.LoggerAction - Setting level of logger [jdbc.sqlonly] to INFO
14:23:31,861 |-INFO in ch.qos.logback.classic.jul.LevelChangePropagator@16fe9c29 - Propagating INFO level on Logger[jdbc.sqlonly] onto the JUL framework
14:23:31,861 |-INFO in ch.qos.logback.classic.joran.action.LoggerAction - Setting level of logger [jdbc.resultsettable] to INFO
14:23:31,861 |-INFO in ch.qos.logback.classic.jul.LevelChangePropagator@16fe9c29 - Propagating INFO level on Logger[jdbc.resultsettable] onto the JUL framework
14:23:31,861 |-INFO in ch.qos.logback.classic.joran.action.LoggerAction - Setting level of logger [org.springframework] to ERROR
14:23:31,861 |-INFO in ch.qos.logback.classic.jul.LevelChangePropagator@16fe9c29 - Propagating ERROR level on Logger[org.springframework] onto the JUL framework
14:23:31,876 |-INFO in ch.qos.logback.classic.joran.action.LoggerAction - Setting level of logger [org.springframework.jdbc] to ERROR
14:23:31,876 |-INFO in ch.qos.logback.classic.jul.LevelChangePropagator@16fe9c29 - Propagating ERROR level on Logger[org.springframework.jdbc] onto the JUL framework
14:23:31,876 |-INFO in ch.qos.logback.classic.joran.action.RootLoggerAction - Setting level of ROOT logger to ERROR
14:23:31,876 |-INFO in ch.qos.logback.classic.jul.LevelChangePropagator@16fe9c29 - Propagating ERROR level on Logger[ROOT] onto the JUL framework
14:23:31,876 |-INFO in ch.qos.logback.core.joran.action.AppenderRefAction - Attaching appender named [console] to Logger[ROOT]
14:23:31,876 |-INFO in ch.qos.logback.classic.joran.action.ConfigurationAction - End of configuration.
14:23:31,876 |-INFO in org.springframework.boot.logging.logback.SpringBootJoranConfigurator@6b580b88 - Registering current configuration as safe fallback point

  .   ____          _            __ _ _
 /\\ / ___'_ __ _ _(_)_ __  __ _ \ \ \ \
( ( )\___ | '_ | '_| | '_ \/ _` | \ \ \ \
 \\/  ___)| |_)| | | | | || (_| |  ) ) ) )
  '  |____| .__|_| |_|_| |_\__, | / / / /
 =========|_|==============|___/=/_/_/_/
 :: Spring Boot ::               (v2.7.18)

2024-05-04 14:23:31,920  INFO [com.ks.youtube.YoutubeApplicationTests] Starting YoutubeApplicationTests using Java 17.0.10 on DESKTOP-4LG0RS3 with PID 16088 (started by admin in D:\_dev\intellj\Youtube)
2024-05-04 14:23:31,926 DEBUG [com.ks.youtube.YoutubeApplicationTests] Running with Spring Boot v2.7.18, Spring v5.3.31
2024-05-04 14:23:31,926  INFO [com.ks.youtube.YoutubeApplicationTests] No active profile set, falling back to 1 default profile: "default"
2024-05-04 14:23:33,456  INFO [com.ks.youtube.YoutubeApplicationTests] Started YoutubeApplicationTests in 1.768 seconds (JVM running for 2.712)
]]></system-out>
  <system-err><![CDATA[]]></system-err>
</testsuite>
